TN:
SF:config\database.js
FNF:0
FNH:0
DA:1,4
DA:2,4
DA:3,4
DA:5,4
DA:13,4
LF:5
LH:5
BRF:0
BRH:0
end_of_record
TN:
SF:controllers\alertas.controller.js
FN:1,(anonymous_0)
FNF:1
FNH:1
FNDA:1,(anonymous_0)
DA:1,1
DA:2,1
LF:2
LH:2
BRF:0
BRH:0
end_of_record
TN:
SF:controllers\buzon.controller.js
FN:1,(anonymous_0)
FNF:1
FNH:0
FNDA:0,(anonymous_0)
DA:1,1
DA:2,0
LF:2
LH:1
BRF:0
BRH:0
end_of_record
TN:
SF:controllers\chisme.controller.js
FN:1,(anonymous_0)
FN:17,(anonymous_1)
FN:24,(anonymous_2)
FN:42,(anonymous_3)
FN:47,(anonymous_4)
FN:61,(anonymous_5)
FN:63,(anonymous_6)
FN:85,(anonymous_7)
FN:87,(anonymous_8)
FN:109,(anonymous_9)
FN:119,(anonymous_10)
FNF:11
FNH:0
FNDA:0,(anonymous_0)
FNDA:0,(anonymous_1)
FNDA:0,(anonymous_2)
FNDA:0,(anonymous_3)
FNDA:0,(anonymous_4)
FNDA:0,(anonymous_5)
FNDA:0,(anonymous_6)
FNDA:0,(anonymous_7)
FNDA:0,(anonymous_8)
FNDA:0,(anonymous_9)
FNDA:0,(anonymous_10)
DA:1,1
DA:3,0
DA:8,1
DA:9,1
DA:15,1
DA:19,0
DA:21,0
DA:26,0
DA:28,0
DA:32,1
DA:40,1
DA:44,0
DA:49,0
DA:53,1
DA:61,1
DA:63,0
DA:65,0
DA:67,0
DA:69,0
DA:75,0
DA:77,0
DA:85,1
DA:87,0
DA:89,0
DA:91,0
DA:93,0
DA:99,0
DA:101,0
DA:109,1
DA:111,0
DA:113,0
DA:119,0
DA:121,0
DA:123,0
DA:125,0
LF:35
LH:10
BRDA:65,0,0,0
BRDA:65,0,1,0
BRDA:89,1,0,0
BRDA:89,1,1,0
BRDA:121,2,0,0
BRDA:121,2,1,0
BRF:6
BRH:0
end_of_record
TN:
SF:controllers\clientes.controller.js
FN:3,(anonymous_0)
FN:20,(anonymous_1)
FN:30,(anonymous_2)
FNF:3
FNH:0
FNDA:0,(anonymous_0)
FNDA:0,(anonymous_1)
FNDA:0,(anonymous_2)
DA:1,1
DA:3,1
DA:4,0
DA:5,0
DA:6,0
DA:8,0
DA:15,0
DA:16,0
DA:20,1
DA:21,0
DA:22,0
DA:23,0
DA:25,0
DA:26,0
DA:30,1
DA:31,0
DA:32,0
DA:33,0
DA:35,0
DA:36,0
LF:20
LH:4
BRDA:10,0,0,0
BRDA:10,0,1,0
BRF:2
BRH:0
end_of_record
TN:
SF:controllers\dashboard.controller.js
FN:1,(anonymous_0)
FNF:1
FNH:1
FNDA:2,(anonymous_0)
DA:1,1
DA:2,2
DA:3,1
DA:5,1
LF:4
LH:4
BRDA:2,0,0,1
BRDA:2,0,1,1
BRF:2
BRH:2
end_of_record
TN:
SF:controllers\history.controller.js
FN:1,(anonymous_0)
FNF:1
FNH:0
FNDA:0,(anonymous_0)
DA:1,1
DA:2,0
LF:2
LH:1
BRF:0
BRH:0
end_of_record
TN:
SF:controllers\operations.controller.js
FN:4,(anonymous_0)
FN:10,(anonymous_1)
FNF:2
FNH:0
FNDA:0,(anonymous_0)
FNDA:0,(anonymous_1)
DA:1,1
DA:4,1
DA:5,0
DA:10,1
DA:11,0
DA:12,0
DA:13,0
DA:15,0
DA:16,0
LF:9
LH:3
BRF:0
BRH:0
end_of_record
TN:
SF:controllers\reportes.controller.js
FN:3,(anonymous_0)
FN:24,(anonymous_1)
FN:56,(anonymous_2)
FNF:3
FNH:0
FNDA:0,(anonymous_0)
FNDA:0,(anonymous_1)
FNDA:0,(anonymous_2)
DA:1,1
DA:3,1
DA:4,0
DA:5,0
DA:11,0
DA:19,0
DA:20,0
DA:24,1
DA:25,0
DA:26,0
DA:28,0
DA:48,0
DA:51,0
DA:52,0
DA:56,1
DA:57,0
DA:58,0
DA:60,0
DA:65,0
DA:68,0
DA:69,0
LF:21
LH:4
BRF:0
BRH:0
end_of_record
TN:
SF:models\clientes.model.js
FN:3,(anonymous_0)
FN:25,(anonymous_1)
FNF:2
FNH:0
FNDA:0,(anonymous_0)
FNDA:0,(anonymous_1)
DA:1,1
DA:3,1
DA:4,0
DA:21,0
DA:22,0
DA:25,1
DA:26,0
DA:39,0
DA:40,0
LF:9
LH:3
BRF:0
BRH:0
end_of_record
TN:
SF:models\operaciones.model.js
FN:5,(anonymous_0)
FNF:1
FNH:0
FNDA:0,(anonymous_0)
DA:1,1
DA:3,1
DA:6,0
DA:33,0
DA:34,0
LF:5
LH:2
BRF:0
BRH:0
end_of_record
TN:
SF:models\usuarios.model.js
FN:3,(anonymous_0)
FN:36,(anonymous_1)
FN:66,(anonymous_2)
FN:87,(anonymous_3)
FN:94,(anonymous_4)
FN:131,(anonymous_5)
FNF:6
FNH:3
FNDA:1,(anonymous_0)
FNDA:1,(anonymous_1)
FNDA:4,(anonymous_2)
FNDA:0,(anonymous_3)
FNDA:0,(anonymous_4)
FNDA:0,(anonymous_5)
DA:1,1
DA:3,1
DA:5,1
DA:7,1
DA:9,1
DA:15,1
DA:21,1
DA:27,1
DA:33,1
DA:36,1
DA:38,1
DA:40,1
DA:42,1
DA:48,1
DA:54,1
DA:60,1
DA:66,4
DA:68,1
DA:82,1
DA:83,1
DA:85,1
DA:88,0
DA:89,0
DA:90,0
DA:91,0
DA:96,0
DA:98,0
DA:121,0
DA:128,0
DA:133,0
DA:145,0
DA:147,0
LF:32
LH:21
BRF:0
BRH:0
end_of_record
