{"C:\\Users\\David\\Downloads\\despliegue\\despliegue\\config\\database.js": {"path":"C:\\Users\\David\\Downloads\\despliegue\\despliegue\\config\\database.js","statementMap":{"0":{"start":{"line":1,"column":0},"end":{"line":1,"column":27}},"1":{"start":{"line":2,"column":0},"end":{"line":2,"column":27}},"2":{"start":{"line":3,"column":17},"end":{"line":3,"column":30}},"3":{"start":{"line":5,"column":13},"end":{"line":11,"column":2}},"4":{"start":{"line":13,"column":0},"end":{"line":13,"column":22}}},"fnMap":{},"branchMap":{},"s":{"0":4,"1":4,"2":4,"3":4,"4":4},"f":{},"b":{},"_coverageSchema":"1a1c01bbd47fc00a2c39e90264f33305004495a9","hash":"010bacc57f5959c6941bc638d5f6317c2bf5bcac"}
,"C:\\Users\\David\\Downloads\\despliegue\\despliegue\\controllers\\alertas.controller.js": {"path":"C:\\Users\\David\\Downloads\\despliegue\\despliegue\\controllers\\alertas.controller.js","statementMap":{"0":{"start":{"line":1,"column":0},"end":{"line":5,"column":2}},"1":{"start":{"line":2,"column":2},"end":{"line":4,"column":5}}},"fnMap":{"0":{"name":"(anonymous_0)","decl":{"start":{"line":1,"column":24},"end":{"line":1,"column":25}},"loc":{"start":{"line":1,"column":38},"end":{"line":5,"column":1}},"line":1}},"branchMap":{},"s":{"0":1,"1":1},"f":{"0":1},"b":{},"_coverageSchema":"1a1c01bbd47fc00a2c39e90264f33305004495a9","hash":"8d3ccfe386e73b9edb1971637c096bd3834b4720"}
,"C:\\Users\\David\\Downloads\\despliegue\\despliegue\\controllers\\buzon.controller.js": {"path":"C:\\Users\\David\\Downloads\\despliegue\\despliegue\\controllers\\buzon.controller.js","statementMap":{"0":{"start":{"line":1,"column":0},"end":{"line":5,"column":2}},"1":{"start":{"line":2,"column":2},"end":{"line":4,"column":5}}},"fnMap":{"0":{"name":"(anonymous_0)","decl":{"start":{"line":1,"column":22},"end":{"line":1,"column":23}},"loc":{"start":{"line":1,"column":36},"end":{"line":5,"column":1}},"line":1}},"branchMap":{},"s":{"0":1,"1":0},"f":{"0":0},"b":{},"_coverageSchema":"1a1c01bbd47fc00a2c39e90264f33305004495a9","hash":"cc6263ff57c6da4a9eddd56fe5db4c7e6feae7f0"}
,"C:\\Users\\David\\Downloads\\despliegue\\despliegue\\controllers\\chisme.controller.js": {"path":"C:\\Users\\David\\Downloads\\despliegue\\despliegue\\controllers\\chisme.controller.js","statementMap":{"0":{"start":{"line":1,"column":0},"end":{"line":6,"column":2}},"1":{"start":{"line":3,"column":4},"end":{"line":5,"column":7}},"2":{"start":{"line":8,"column":15},"end":{"line":8,"column":32}},"3":{"start":{"line":9,"column":13},"end":{"line":9,"column":28}},"4":{"start":{"line":15,"column":16},"end":{"line":30,"column":2}},"5":{"start":{"line":19,"column":8},"end":{"line":19,"column":54}},"6":{"start":{"line":21,"column":8},"end":{"line":21,"column":36}},"7":{"start":{"line":26,"column":8},"end":{"line":26,"column":48}},"8":{"start":{"line":28,"column":8},"end":{"line":28,"column":42}},"9":{"start":{"line":32,"column":15},"end":{"line":34,"column":19}},"10":{"start":{"line":40,"column":17},"end":{"line":51,"column":2}},"11":{"start":{"line":44,"column":8},"end":{"line":44,"column":37}},"12":{"start":{"line":49,"column":8},"end":{"line":49,"column":42}},"13":{"start":{"line":53,"column":16},"end":{"line":55,"column":19}},"14":{"start":{"line":61,"column":0},"end":{"line":79,"column":2}},"15":{"start":{"line":63,"column":4},"end":{"line":78,"column":7}},"16":{"start":{"line":65,"column":8},"end":{"line":73,"column":9}},"17":{"start":{"line":67,"column":12},"end":{"line":67,"column":31}},"18":{"start":{"line":69,"column":12},"end":{"line":72,"column":15}},"19":{"start":{"line":75,"column":8},"end":{"line":75,"column":53}},"20":{"start":{"line":77,"column":8},"end":{"line":77,"column":33}},"21":{"start":{"line":85,"column":0},"end":{"line":103,"column":2}},"22":{"start":{"line":87,"column":4},"end":{"line":102,"column":7}},"23":{"start":{"line":89,"column":8},"end":{"line":97,"column":9}},"24":{"start":{"line":91,"column":12},"end":{"line":91,"column":31}},"25":{"start":{"line":93,"column":12},"end":{"line":96,"column":15}},"26":{"start":{"line":99,"column":8},"end":{"line":99,"column":53}},"27":{"start":{"line":101,"column":8},"end":{"line":101,"column":33}},"28":{"start":{"line":109,"column":0},"end":{"line":131,"column":2}},"29":{"start":{"line":111,"column":21},"end":{"line":111,"column":51}},"30":{"start":{"line":113,"column":21},"end":{"line":117,"column":5}},"31":{"start":{"line":119,"column":4},"end":{"line":130,"column":7}},"32":{"start":{"line":121,"column":8},"end":{"line":129,"column":9}},"33":{"start":{"line":123,"column":12},"end":{"line":123,"column":58}},"34":{"start":{"line":125,"column":12},"end":{"line":128,"column":15}}},"fnMap":{"0":{"name":"(anonymous_0)","decl":{"start":{"line":1,"column":23},"end":{"line":1,"column":24}},"loc":{"start":{"line":1,"column":37},"end":{"line":6,"column":1}},"line":1},"1":{"name":"(anonymous_1)","decl":{"start":{"line":17,"column":17},"end":{"line":17,"column":18}},"loc":{"start":{"line":17,"column":48},"end":{"line":22,"column":5}},"line":17},"2":{"name":"(anonymous_2)","decl":{"start":{"line":24,"column":14},"end":{"line":24,"column":15}},"loc":{"start":{"line":24,"column":45},"end":{"line":29,"column":5}},"line":24},"3":{"name":"(anonymous_3)","decl":{"start":{"line":42,"column":17},"end":{"line":42,"column":18}},"loc":{"start":{"line":42,"column":48},"end":{"line":45,"column":5}},"line":42},"4":{"name":"(anonymous_4)","decl":{"start":{"line":47,"column":14},"end":{"line":47,"column":15}},"loc":{"start":{"line":47,"column":45},"end":{"line":50,"column":5}},"line":47},"5":{"name":"(anonymous_5)","decl":{"start":{"line":61,"column":22},"end":{"line":61,"column":23}},"loc":{"start":{"line":61,"column":42},"end":{"line":79,"column":1}},"line":61},"6":{"name":"(anonymous_6)","decl":{"start":{"line":63,"column":21},"end":{"line":63,"column":22}},"loc":{"start":{"line":63,"column":36},"end":{"line":78,"column":5}},"line":63},"7":{"name":"(anonymous_7)","decl":{"start":{"line":85,"column":30},"end":{"line":85,"column":31}},"loc":{"start":{"line":85,"column":50},"end":{"line":103,"column":1}},"line":85},"8":{"name":"(anonymous_8)","decl":{"start":{"line":87,"column":22},"end":{"line":87,"column":23}},"loc":{"start":{"line":87,"column":37},"end":{"line":102,"column":5}},"line":87},"9":{"name":"(anonymous_9)","decl":{"start":{"line":109,"column":27},"end":{"line":109,"column":28}},"loc":{"start":{"line":109,"column":47},"end":{"line":131,"column":1}},"line":109},"10":{"name":"(anonymous_10)","decl":{"start":{"line":119,"column":27},"end":{"line":119,"column":28}},"loc":{"start":{"line":119,"column":36},"end":{"line":130,"column":5}},"line":119}},"branchMap":{"0":{"loc":{"start":{"line":65,"column":8},"end":{"line":73,"column":9}},"type":"if","locations":[{"start":{"line":65,"column":8},"end":{"line":73,"column":9}},{"start":{},"end":{}}],"line":65},"1":{"loc":{"start":{"line":89,"column":8},"end":{"line":97,"column":9}},"type":"if","locations":[{"start":{"line":89,"column":8},"end":{"line":97,"column":9}},{"start":{},"end":{}}],"line":89},"2":{"loc":{"start":{"line":121,"column":8},"end":{"line":129,"column":9}},"type":"if","locations":[{"start":{"line":121,"column":8},"end":{"line":129,"column":9}},{"start":{},"end":{}}],"line":121}},"s":{"0":1,"1":0,"2":1,"3":1,"4":1,"5":0,"6":0,"7":0,"8":0,"9":1,"10":1,"11":0,"12":0,"13":1,"14":1,"15":0,"16":0,"17":0,"18":0,"19":0,"20":0,"21":1,"22":0,"23":0,"24":0,"25":0,"26":0,"27":0,"28":1,"29":0,"30":0,"31":0,"32":0,"33":0,"34":0},"f":{"0":0,"1":0,"2":0,"3":0,"4":0,"5":0,"6":0,"7":0,"8":0,"9":0,"10":0},"b":{"0":[0,0],"1":[0,0],"2":[0,0]},"_coverageSchema":"1a1c01bbd47fc00a2c39e90264f33305004495a9","hash":"fc63768c41cabb546231bea79a753be0e182ad6a"}
,"C:\\Users\\David\\Downloads\\despliegue\\despliegue\\controllers\\clientes.controller.js": {"path":"C:\\Users\\David\\Downloads\\despliegue\\despliegue\\controllers\\clientes.controller.js","statementMap":{"0":{"start":{"line":1,"column":22},"end":{"line":1,"column":57}},"1":{"start":{"line":3,"column":0},"end":{"line":18,"column":2}},"2":{"start":{"line":4,"column":2},"end":{"line":17,"column":3}},"3":{"start":{"line":5,"column":21},"end":{"line":5,"column":54}},"4":{"start":{"line":6,"column":31},"end":{"line":6,"column":74}},"5":{"start":{"line":8,"column":4},"end":{"line":13,"column":7}},"6":{"start":{"line":15,"column":4},"end":{"line":15,"column":25}},"7":{"start":{"line":16,"column":4},"end":{"line":16,"column":53}},"8":{"start":{"line":20,"column":0},"end":{"line":28,"column":2}},"9":{"start":{"line":21,"column":2},"end":{"line":27,"column":3}},"10":{"start":{"line":22,"column":21},"end":{"line":22,"column":54}},"11":{"start":{"line":23,"column":4},"end":{"line":23,"column":23}},"12":{"start":{"line":25,"column":4},"end":{"line":25,"column":25}},"13":{"start":{"line":26,"column":4},"end":{"line":26,"column":65}},"14":{"start":{"line":30,"column":0},"end":{"line":38,"column":2}},"15":{"start":{"line":31,"column":2},"end":{"line":37,"column":3}},"16":{"start":{"line":32,"column":21},"end":{"line":32,"column":64}},"17":{"start":{"line":33,"column":4},"end":{"line":33,"column":23}},"18":{"start":{"line":35,"column":4},"end":{"line":35,"column":25}},"19":{"start":{"line":36,"column":4},"end":{"line":36,"column":76}}},"fnMap":{"0":{"name":"(anonymous_0)","decl":{"start":{"line":3,"column":25},"end":{"line":3,"column":26}},"loc":{"start":{"line":3,"column":45},"end":{"line":18,"column":1}},"line":3},"1":{"name":"(anonymous_1)","decl":{"start":{"line":20,"column":22},"end":{"line":20,"column":23}},"loc":{"start":{"line":20,"column":42},"end":{"line":28,"column":1}},"line":20},"2":{"name":"(anonymous_2)","decl":{"start":{"line":30,"column":32},"end":{"line":30,"column":33}},"loc":{"start":{"line":30,"column":52},"end":{"line":38,"column":1}},"line":30}},"branchMap":{"0":{"loc":{"start":{"line":10,"column":17},"end":{"line":10,"column":44}},"type":"binary-expr","locations":[{"start":{"line":10,"column":17},"end":{"line":10,"column":30}},{"start":{"line":10,"column":34},"end":{"line":10,"column":44}}],"line":10}},"s":{"0":1,"1":1,"2":0,"3":0,"4":0,"5":0,"6":0,"7":0,"8":1,"9":0,"10":0,"11":0,"12":0,"13":0,"14":1,"15":0,"16":0,"17":0,"18":0,"19":0},"f":{"0":0,"1":0,"2":0},"b":{"0":[0,0]},"_coverageSchema":"1a1c01bbd47fc00a2c39e90264f33305004495a9","hash":"44d14f446cd0eb092779b602bb8def016253c82c"}
,"C:\\Users\\David\\Downloads\\despliegue\\despliegue\\controllers\\dashboard.controller.js": {"path":"C:\\Users\\David\\Downloads\\despliegue\\despliegue\\controllers\\dashboard.controller.js","statementMap":{"0":{"start":{"line":1,"column":0},"end":{"line":9,"column":2}},"1":{"start":{"line":2,"column":2},"end":{"line":4,"column":3}},"2":{"start":{"line":3,"column":2},"end":{"line":3,"column":27}},"3":{"start":{"line":5,"column":2},"end":{"line":8,"column":5}}},"fnMap":{"0":{"name":"(anonymous_0)","decl":{"start":{"line":1,"column":26},"end":{"line":1,"column":27}},"loc":{"start":{"line":1,"column":40},"end":{"line":9,"column":1}},"line":1}},"branchMap":{"0":{"loc":{"start":{"line":2,"column":2},"end":{"line":4,"column":3}},"type":"if","locations":[{"start":{"line":2,"column":2},"end":{"line":4,"column":3}},{"start":{},"end":{}}],"line":2}},"s":{"0":1,"1":2,"2":1,"3":1},"f":{"0":2},"b":{"0":[1,1]},"_coverageSchema":"1a1c01bbd47fc00a2c39e90264f33305004495a9","hash":"619f9d629f99e33bbb7721665e0fc1364c4aa120"}
,"C:\\Users\\David\\Downloads\\despliegue\\despliegue\\controllers\\history.controller.js": {"path":"C:\\Users\\David\\Downloads\\despliegue\\despliegue\\controllers\\history.controller.js","statementMap":{"0":{"start":{"line":1,"column":0},"end":{"line":5,"column":2}},"1":{"start":{"line":2,"column":2},"end":{"line":4,"column":5}}},"fnMap":{"0":{"name":"(anonymous_0)","decl":{"start":{"line":1,"column":24},"end":{"line":1,"column":25}},"loc":{"start":{"line":1,"column":38},"end":{"line":5,"column":1}},"line":1}},"branchMap":{},"s":{"0":1,"1":0},"f":{"0":0},"b":{},"_coverageSchema":"1a1c01bbd47fc00a2c39e90264f33305004495a9","hash":"17da73a1da21425f855c81fe8d412255323f0875"}
,"C:\\Users\\David\\Downloads\\despliegue\\despliegue\\controllers\\operations.controller.js": {"path":"C:\\Users\\David\\Downloads\\despliegue\\despliegue\\controllers\\operations.controller.js","statementMap":{"0":{"start":{"line":1,"column":22},"end":{"line":1,"column":60}},"1":{"start":{"line":4,"column":0},"end":{"line":8,"column":2}},"2":{"start":{"line":5,"column":2},"end":{"line":7,"column":5}},"3":{"start":{"line":10,"column":0},"end":{"line":18,"column":2}},"4":{"start":{"line":11,"column":2},"end":{"line":17,"column":3}},"5":{"start":{"line":12,"column":24},"end":{"line":12,"column":49}},"6":{"start":{"line":13,"column":4},"end":{"line":13,"column":26}},"7":{"start":{"line":15,"column":4},"end":{"line":15,"column":23}},"8":{"start":{"line":16,"column":4},"end":{"line":16,"column":68}}},"fnMap":{"0":{"name":"(anonymous_0)","decl":{"start":{"line":4,"column":27},"end":{"line":4,"column":28}},"loc":{"start":{"line":4,"column":41},"end":{"line":8,"column":1}},"line":4},"1":{"name":"(anonymous_1)","decl":{"start":{"line":10,"column":25},"end":{"line":10,"column":26}},"loc":{"start":{"line":10,"column":45},"end":{"line":18,"column":1}},"line":10}},"branchMap":{},"s":{"0":1,"1":1,"2":0,"3":1,"4":0,"5":0,"6":0,"7":0,"8":0},"f":{"0":0,"1":0},"b":{},"_coverageSchema":"1a1c01bbd47fc00a2c39e90264f33305004495a9","hash":"0f468813337ef3eef0258743a48b3f74d801cb73"}
,"C:\\Users\\David\\Downloads\\despliegue\\despliegue\\controllers\\reportes.controller.js": {"path":"C:\\Users\\David\\Downloads\\despliegue\\despliegue\\controllers\\reportes.controller.js","statementMap":{"0":{"start":{"line":1,"column":13},"end":{"line":1,"column":42}},"1":{"start":{"line":3,"column":0},"end":{"line":22,"column":2}},"2":{"start":{"line":4,"column":2},"end":{"line":21,"column":3}},"3":{"start":{"line":5,"column":22},"end":{"line":9,"column":6}},"4":{"start":{"line":11,"column":4},"end":{"line":16,"column":7}},"5":{"start":{"line":19,"column":4},"end":{"line":19,"column":23}},"6":{"start":{"line":20,"column":4},"end":{"line":20,"column":54}},"7":{"start":{"line":24,"column":0},"end":{"line":54,"column":2}},"8":{"start":{"line":25,"column":2},"end":{"line":53,"column":3}},"9":{"start":{"line":26,"column":21},"end":{"line":26,"column":29}},"10":{"start":{"line":28,"column":4},"end":{"line":46,"column":7}},"11":{"start":{"line":48,"column":4},"end":{"line":48,"column":30}},"12":{"start":{"line":51,"column":4},"end":{"line":51,"column":23}},"13":{"start":{"line":52,"column":4},"end":{"line":52,"column":51}},"14":{"start":{"line":56,"column":0},"end":{"line":71,"column":2}},"15":{"start":{"line":57,"column":2},"end":{"line":70,"column":3}},"16":{"start":{"line":58,"column":19},"end":{"line":58,"column":29}},"17":{"start":{"line":60,"column":4},"end":{"line":63,"column":13}},"18":{"start":{"line":65,"column":4},"end":{"line":65,"column":30}},"19":{"start":{"line":68,"column":4},"end":{"line":68,"column":23}},"20":{"start":{"line":69,"column":4},"end":{"line":69,"column":54}}},"fnMap":{"0":{"name":"(anonymous_0)","decl":{"start":{"line":3,"column":23},"end":{"line":3,"column":24}},"loc":{"start":{"line":3,"column":43},"end":{"line":22,"column":1}},"line":3},"1":{"name":"(anonymous_1)","decl":{"start":{"line":24,"column":21},"end":{"line":24,"column":22}},"loc":{"start":{"line":24,"column":41},"end":{"line":54,"column":1}},"line":24},"2":{"name":"(anonymous_2)","decl":{"start":{"line":56,"column":25},"end":{"line":56,"column":26}},"loc":{"start":{"line":56,"column":45},"end":{"line":71,"column":1}},"line":56}},"branchMap":{},"s":{"0":1,"1":1,"2":0,"3":0,"4":0,"5":0,"6":0,"7":1,"8":0,"9":0,"10":0,"11":0,"12":0,"13":0,"14":1,"15":0,"16":0,"17":0,"18":0,"19":0,"20":0},"f":{"0":0,"1":0,"2":0},"b":{},"_coverageSchema":"1a1c01bbd47fc00a2c39e90264f33305004495a9","hash":"4444f684f38fc408586436bf534c82f9b2dfdd9c"}
,"C:\\Users\\David\\Downloads\\despliegue\\despliegue\\models\\clientes.model.js": {"path":"C:\\Users\\David\\Downloads\\despliegue\\despliegue\\models\\clientes.model.js","statementMap":{"0":{"start":{"line":1,"column":13},"end":{"line":1,"column":42}},"1":{"start":{"line":3,"column":0},"end":{"line":23,"column":2}},"2":{"start":{"line":4,"column":14},"end":{"line":19,"column":3}},"3":{"start":{"line":21,"column":17},"end":{"line":21,"column":38}},"4":{"start":{"line":22,"column":2},"end":{"line":22,"column":21}},"5":{"start":{"line":25,"column":0},"end":{"line":41,"column":2}},"6":{"start":{"line":26,"column":14},"end":{"line":37,"column":3}},"7":{"start":{"line":39,"column":17},"end":{"line":39,"column":38}},"8":{"start":{"line":40,"column":2},"end":{"line":40,"column":21}}},"fnMap":{"0":{"name":"(anonymous_0)","decl":{"start":{"line":3,"column":22},"end":{"line":3,"column":23}},"loc":{"start":{"line":3,"column":34},"end":{"line":23,"column":1}},"line":3},"1":{"name":"(anonymous_1)","decl":{"start":{"line":25,"column":32},"end":{"line":25,"column":33}},"loc":{"start":{"line":25,"column":44},"end":{"line":41,"column":1}},"line":25}},"branchMap":{},"s":{"0":1,"1":1,"2":0,"3":0,"4":0,"5":1,"6":0,"7":0,"8":0},"f":{"0":0,"1":0},"b":{},"_coverageSchema":"1a1c01bbd47fc00a2c39e90264f33305004495a9","hash":"17a8556dcec5ca2587fcb8eb408074bb0178ceae"}
,"C:\\Users\\David\\Downloads\\despliegue\\despliegue\\models\\operaciones.model.js": {"path":"C:\\Users\\David\\Downloads\\despliegue\\despliegue\\models\\operaciones.model.js","statementMap":{"0":{"start":{"line":1,"column":13},"end":{"line":1,"column":42}},"1":{"start":{"line":3,"column":0},"end":{"line":36,"column":1}},"2":{"start":{"line":6,"column":20},"end":{"line":31,"column":9}},"3":{"start":{"line":33,"column":23},"end":{"line":33,"column":44}},"4":{"start":{"line":34,"column":8},"end":{"line":34,"column":27}}},"fnMap":{"0":{"name":"(anonymous_0)","decl":{"start":{"line":5,"column":4},"end":{"line":5,"column":5}},"loc":{"start":{"line":5,"column":27},"end":{"line":35,"column":5}},"line":5}},"branchMap":{},"s":{"0":1,"1":1,"2":0,"3":0,"4":0},"f":{"0":0},"b":{},"_coverageSchema":"1a1c01bbd47fc00a2c39e90264f33305004495a9","hash":"81c628c45d40c4e5225d94fc46b5e79064ecf001"}
,"C:\\Users\\David\\Downloads\\despliegue\\despliegue\\models\\usuarios.model.js": {"path":"C:\\Users\\David\\Downloads\\despliegue\\despliegue\\models\\usuarios.model.js","statementMap":{"0":{"start":{"line":1,"column":12},"end":{"line":1,"column":23}},"1":{"start":{"line":3,"column":0},"end":{"line":34,"column":1}},"2":{"start":{"line":5,"column":4},"end":{"line":5,"column":28}},"3":{"start":{"line":7,"column":19},"end":{"line":7,"column":21}},"4":{"start":{"line":9,"column":4},"end":{"line":13,"column":7}},"5":{"start":{"line":15,"column":4},"end":{"line":19,"column":7}},"6":{"start":{"line":21,"column":4},"end":{"line":25,"column":7}},"7":{"start":{"line":27,"column":4},"end":{"line":31,"column":7}},"8":{"start":{"line":33,"column":4},"end":{"line":33,"column":20}},"9":{"start":{"line":36,"column":0},"end":{"line":69,"column":1}},"10":{"start":{"line":38,"column":4},"end":{"line":38,"column":28}},"11":{"start":{"line":40,"column":19},"end":{"line":40,"column":21}},"12":{"start":{"line":42,"column":4},"end":{"line":46,"column":7}},"13":{"start":{"line":48,"column":4},"end":{"line":52,"column":7}},"14":{"start":{"line":54,"column":4},"end":{"line":58,"column":7}},"15":{"start":{"line":60,"column":4},"end":{"line":64,"column":7}},"16":{"start":{"line":66,"column":22},"end":{"line":66,"column":58}},"17":{"start":{"line":66,"column":46},"end":{"line":66,"column":57}},"18":{"start":{"line":68,"column":4},"end":{"line":68,"column":23}},"19":{"start":{"line":82,"column":13},"end":{"line":82,"column":42}},"20":{"start":{"line":83,"column":15},"end":{"line":83,"column":32}},"21":{"start":{"line":85,"column":0},"end":{"line":149,"column":2}},"22":{"start":{"line":88,"column":8},"end":{"line":88,"column":29}},"23":{"start":{"line":89,"column":8},"end":{"line":89,"column":33}},"24":{"start":{"line":90,"column":8},"end":{"line":90,"column":29}},"25":{"start":{"line":91,"column":8},"end":{"line":91,"column":37}},"26":{"start":{"line":96,"column":27},"end":{"line":96,"column":65}},"27":{"start":{"line":98,"column":20},"end":{"line":119,"column":9}},"28":{"start":{"line":121,"column":25},"end":{"line":126,"column":10}},"29":{"start":{"line":128,"column":8},"end":{"line":128,"column":23}},"30":{"start":{"line":133,"column":20},"end":{"line":143,"column":9}},"31":{"start":{"line":145,"column":23},"end":{"line":145,"column":54}},"32":{"start":{"line":147,"column":8},"end":{"line":147,"column":30}}},"fnMap":{"0":{"name":"(anonymous_0)","decl":{"start":{"line":3,"column":26},"end":{"line":3,"column":27}},"loc":{"start":{"line":3,"column":55},"end":{"line":34,"column":1}},"line":3},"1":{"name":"(anonymous_1)","decl":{"start":{"line":36,"column":33},"end":{"line":36,"column":34}},"loc":{"start":{"line":36,"column":62},"end":{"line":69,"column":1}},"line":36},"2":{"name":"(anonymous_2)","decl":{"start":{"line":66,"column":38},"end":{"line":66,"column":39}},"loc":{"start":{"line":66,"column":46},"end":{"line":66,"column":57}},"line":66},"3":{"name":"(anonymous_3)","decl":{"start":{"line":87,"column":4},"end":{"line":87,"column":5}},"loc":{"start":{"line":87,"column":54},"end":{"line":92,"column":5}},"line":87},"4":{"name":"(anonymous_4)","decl":{"start":{"line":94,"column":4},"end":{"line":94,"column":5}},"loc":{"start":{"line":94,"column":17},"end":{"line":129,"column":5}},"line":94},"5":{"name":"(anonymous_5)","decl":{"start":{"line":131,"column":4},"end":{"line":131,"column":5}},"loc":{"start":{"line":131,"column":38},"end":{"line":148,"column":5}},"line":131}},"branchMap":{},"s":{"0":1,"1":1,"2":1,"3":1,"4":1,"5":1,"6":1,"7":1,"8":1,"9":1,"10":1,"11":1,"12":1,"13":1,"14":1,"15":1,"16":1,"17":4,"18":1,"19":1,"20":1,"21":1,"22":0,"23":0,"24":0,"25":0,"26":0,"27":0,"28":0,"29":0,"30":0,"31":0,"32":0},"f":{"0":1,"1":1,"2":4,"3":0,"4":0,"5":0},"b":{},"_coverageSchema":"1a1c01bbd47fc00a2c39e90264f33305004495a9","hash":"73432adc131675e1180158b32e9bd8dd96754955"}
}
